[debug] [2024-10-28T07:19:13.092Z] ----------------------------------------------------------------------
[debug] [2024-10-28T07:19:13.095Z] Command:       C:\Program Files\nodejs\node.exe C:\Users\chaud\AppData\Roaming\npm\node_modules\firebase-tools\lib\bin\firebase.js init
[debug] [2024-10-28T07:19:13.095Z] CLI Version:   13.23.0
[debug] [2024-10-28T07:19:13.095Z] Platform:      win32
[debug] [2024-10-28T07:19:13.095Z] Node Version:  v20.16.0
[debug] [2024-10-28T07:19:13.096Z] Time:          Mon Oct 28 2024 12:49:13 GMT+0530 (India Standard Time)
[debug] [2024-10-28T07:19:13.096Z] ----------------------------------------------------------------------
[debug] 
[debug] [2024-10-28T07:19:13.103Z] > command requires scopes: ["email","openid","https://www.googleapis.com/auth/cloudplatformprojects.readonly","https://www.googleapis.com/auth/firebase","https://www.googleapis.com/auth/cloud-platform"]
[debug] [2024-10-28T07:19:13.103Z] > authorizing via signed-in user (chaudharyvicky564@gmail.com)
[info] 
     ######## #### ########  ######## ########     ###     ######  ########
     ##        ##  ##     ## ##       ##     ##  ##   ##  ##       ##
     ######    ##  ########  ######   ########  #########  ######  ######
     ##        ##  ##    ##  ##       ##     ## ##     ##       ## ##
     ##       #### ##     ## ######## ########  ##     ##  ######  ########

You're about to initialize a Firebase project in this directory:

  C:\Users\chaud\OneDrive\Desktop\chat-firebase\superchat

[info] 
=== Project Setup
[info] 
[info] First, let's associate this project directory with a Firebase project.
[info] You can create multiple project aliases by running firebase use --add, 
[info] but for now we'll just set up a default project.
[info] 
[debug] [2024-10-28T07:19:28.286Z] Checked if tokens are valid: true, expires at: 1730101924095
[debug] [2024-10-28T07:19:28.286Z] Checked if tokens are valid: true, expires at: 1730101924095
[debug] [2024-10-28T07:19:28.289Z] >>> [apiv2][query] GET https://firebase.googleapis.com/v1beta1/projects pageSize=100
[debug] [2024-10-28T07:19:29.166Z] <<< [apiv2][status] GET https://firebase.googleapis.com/v1beta1/projects 200
[debug] [2024-10-28T07:19:29.166Z] <<< [apiv2][body] GET https://firebase.googleapis.com/v1beta1/projects [omitted]
[info] i  Using project chat-app-b4290 (chat-app) 
[info] 
=== Dataconnect Setup
[debug] [2024-10-28T07:19:30.672Z] Checked if tokens are valid: true, expires at: 1730101924095
[debug] [2024-10-28T07:19:30.672Z] Checked if tokens are valid: true, expires at: 1730101924095
[debug] [2024-10-28T07:19:30.672Z] >>> [apiv2][query] GET https://cloudbilling.googleapis.com/v1/projects/chat-app-b4290/billingInfo [none]
[debug] [2024-10-28T07:19:32.325Z] <<< [apiv2][status] GET https://cloudbilling.googleapis.com/v1/projects/chat-app-b4290/billingInfo 200
[debug] [2024-10-28T07:19:32.325Z] <<< [apiv2][body] GET https://cloudbilling.googleapis.com/v1/projects/chat-app-b4290/billingInfo {"name":"projects/chat-app-b4290/billingInfo","projectId":"chat-app-b4290","billingAccountName":"","billingEnabled":false}
[info] i  dataconnect: ensuring required API sqladmin.googleapis.com is enabled... 
[debug] [2024-10-28T07:19:32.326Z] Checked if tokens are valid: true, expires at: 1730101924095
[debug] [2024-10-28T07:19:32.326Z] Checked if tokens are valid: true, expires at: 1730101924095
[debug] [2024-10-28T07:19:32.327Z] >>> [apiv2][query] GET https://serviceusage.googleapis.com/v1/projects/chat-app-b4290/services/sqladmin.googleapis.com [none]
[debug] [2024-10-28T07:19:32.327Z] >>> [apiv2][(partial)header] GET https://serviceusage.googleapis.com/v1/projects/chat-app-b4290/services/sqladmin.googleapis.com x-goog-quota-user=projects/chat-app-b4290
[debug] [2024-10-28T07:19:34.551Z] <<< [apiv2][status] GET https://serviceusage.googleapis.com/v1/projects/chat-app-b4290/services/sqladmin.googleapis.com 200
[debug] [2024-10-28T07:19:34.551Z] <<< [apiv2][body] GET https://serviceusage.googleapis.com/v1/projects/chat-app-b4290/services/sqladmin.googleapis.com [omitted]
[info] +  dataconnect: required API sqladmin.googleapis.com is enabled 
[info] +  Wrote dataconnect\dataconnect.yaml 
[info] +  Wrote dataconnect\schema\schema.gql 
[info] +  Wrote dataconnect\connector\connector.yaml 
[info] +  Wrote dataconnect\connector\queries.gql 
[info] +  Wrote dataconnect\connector\mutations.gql 
[info] +  Detected WEB app in directory C:\Users\chaud\OneDrive\Desktop\chat-firebase\superchat 
[info] i  Wrote new config to C:\Users\chaud\OneDrive\Desktop\chat-firebase\superchat\dataconnect\connector/connector.yaml 
[info] I1028 12:49:48.161313   26792 codegen.go:82] [connector "default" javascriptSdk] Generating sources into "C:\\Users\\chaud\\OneDrive\\Desktop\\chat-firebase\\superchat\\dataconnect-generated\\js\\default-connector"
I1028 12:49:48.162360   26792 generate.go:40] Generated all sources. Writing them to disk...
I1028 12:49:48.168001   26792 collector.go:107] connector "default" javascriptSdk wrote into "C:\\Users\\chaud\\OneDrive\\Desktop\\chat-firebase\\superchat\\dataconnect-generated\\js\\default-connector"
Generated sources: index.d.ts [264B] esm\index.esm.js [182B] esm\package.json [17B] index.cjs.js [223B] package.json [623B] 
I1028 12:49:48.180252   26792 installsdk.go:76] Running command: C:\Program Files\nodejs\npm.cmd install file:dataconnect-generated\js\default-connector

[info] i  Generated SDK code for default 
[info] +  If you'd like to add more generated SDKs to your app your later, run firebase init dataconnect:sdk again 
[info] i  If you'd like to provision a CloudSQL Postgres instance on the Firebase Data Connect no-cost trial:
1. Please upgrade to the pay-as-you-go (Blaze) billing plan. Visit the following page:
     https://console.firebase.google.com/project/chat-app-b4290/usage/details
2. Run firebase init dataconnect again to configure the Cloud SQL instance.
3. Run firebase deploy --only dataconnect to deploy your Data Connect service. 
[info] 
=== Firestore Setup
[debug] [2024-10-28T07:19:55.113Z] Checked if tokens are valid: true, expires at: 1730101924095
[debug] [2024-10-28T07:19:55.113Z] Checked if tokens are valid: true, expires at: 1730101924095
[debug] [2024-10-28T07:19:55.113Z] >>> [apiv2][query] GET https://serviceusage.googleapis.com/v1/projects/chat-app-b4290/services/firestore.googleapis.com [none]
[debug] [2024-10-28T07:19:55.113Z] >>> [apiv2][(partial)header] GET https://serviceusage.googleapis.com/v1/projects/chat-app-b4290/services/firestore.googleapis.com x-goog-quota-user=projects/chat-app-b4290
[debug] [2024-10-28T07:19:57.068Z] <<< [apiv2][status] GET https://serviceusage.googleapis.com/v1/projects/chat-app-b4290/services/firestore.googleapis.com 200
[debug] [2024-10-28T07:19:57.068Z] <<< [apiv2][body] GET https://serviceusage.googleapis.com/v1/projects/chat-app-b4290/services/firestore.googleapis.com [omitted]
[debug] [2024-10-28T07:19:57.069Z] Checked if tokens are valid: true, expires at: 1730101924095
[debug] [2024-10-28T07:19:57.069Z] Checked if tokens are valid: true, expires at: 1730101924095
[debug] [2024-10-28T07:19:57.069Z] >>> [apiv2][query] GET https://firestore.googleapis.com/v1/projects/chat-app-b4290/databases/(default) [none]
[debug] [2024-10-28T07:19:57.544Z] <<< [apiv2][status] GET https://firestore.googleapis.com/v1/projects/chat-app-b4290/databases/(default) 200
[debug] [2024-10-28T07:19:57.545Z] <<< [apiv2][body] GET https://firestore.googleapis.com/v1/projects/chat-app-b4290/databases/(default) {"name":"projects/chat-app-b4290/databases/(default)","uid":"8a94a3f7-4901-4584-8163-6f3c3e8c4a78","createTime":"2024-10-28T05:51:49.043032Z","updateTime":"2024-10-28T05:51:49.043032Z","locationId":"asia-south1","type":"FIRESTORE_NATIVE","concurrencyMode":"PESSIMISTIC","versionRetentionPeriod":"3600s","earliestVersionTime":"2024-10-28T06:19:57.690086Z","appEngineIntegrationMode":"DISABLED","keyPrefix":"j","pointInTimeRecoveryEnablement":"POINT_IN_TIME_RECOVERY_DISABLED","deleteProtectionState":"DELETE_PROTECTION_DISABLED","etag":"IKuOp97EsIkDMPKl3um6sIkD"}
[debug] [2024-10-28T07:19:57.545Z] database_type: FIRESTORE_NATIVE
[debug] [2024-10-28T07:19:57.545Z] database_type: FIRESTORE_NATIVE
[debug] [2024-10-28T07:19:57.545Z] > command requires scopes: ["email","openid","https://www.googleapis.com/auth/cloudplatformprojects.readonly","https://www.googleapis.com/auth/firebase","https://www.googleapis.com/auth/cloud-platform"]
[debug] [2024-10-28T07:19:57.545Z] > authorizing via signed-in user (chaudharyvicky564@gmail.com)
[debug] [2024-10-28T07:19:57.545Z] [iam] checking project chat-app-b4290 for permissions ["firebase.projects.get"]
[debug] [2024-10-28T07:19:57.546Z] Checked if tokens are valid: true, expires at: 1730101924095
[debug] [2024-10-28T07:19:57.546Z] Checked if tokens are valid: true, expires at: 1730101924095
[debug] [2024-10-28T07:19:57.546Z] >>> [apiv2][query] POST https://cloudresourcemanager.googleapis.com/v1/projects/chat-app-b4290:testIamPermissions [none]
[debug] [2024-10-28T07:19:57.546Z] >>> [apiv2][(partial)header] POST https://cloudresourcemanager.googleapis.com/v1/projects/chat-app-b4290:testIamPermissions x-goog-quota-user=projects/chat-app-b4290
[debug] [2024-10-28T07:19:57.546Z] >>> [apiv2][body] POST https://cloudresourcemanager.googleapis.com/v1/projects/chat-app-b4290:testIamPermissions {"permissions":["firebase.projects.get"]}
[debug] [2024-10-28T07:19:59.198Z] <<< [apiv2][status] POST https://cloudresourcemanager.googleapis.com/v1/projects/chat-app-b4290:testIamPermissions 200
[debug] [2024-10-28T07:19:59.198Z] <<< [apiv2][body] POST https://cloudresourcemanager.googleapis.com/v1/projects/chat-app-b4290:testIamPermissions {"permissions":["firebase.projects.get"]}
[info] 
[info] Firestore Security Rules allow you to define how and when to allow
[info] requests. You can keep these rules in your project directory
[info] and publish them with firebase deploy.
[info] 
